2024/08/19 21:11:12 Пришел новый запрос: request_id=  , ip-адрес:  [::1]:63971
2024/08/19 21:11:33 Добавление постов в базу
2024/08/19 21:11:33 Добавление постов в базу
2024/08/19 21:11:49 Количество постов: 218
2024/08/19 21:11:49 Пришел новый запрос: request_id= 1111 , ip-адрес:  [::1]:64461
2024/08/19 21:12:06 Количество постов: 218
2024/08/19 21:12:06 Пришел новый запрос: request_id= 1111 , ip-адрес:  [::1]:64676
2024/08/19 21:12:11 Количество постов: 218
2024/08/19 21:12:11 Пришел новый запрос: request_id= 1111 , ip-адрес:  [::1]:64676
2024/08/19 21:12:14 Количество постов: 218
2024/08/19 21:12:14 Пришел новый запрос: request_id= 1111 , ip-адрес:  [::1]:64774
2024/08/19 21:12:15 Количество постов: 218
2024/08/19 21:12:15 Пришел новый запрос: request_id= 1111 , ip-адрес:  [::1]:64774
2024/08/19 21:12:15 Количество постов: 218
2024/08/19 21:12:15 Пришел новый запрос: request_id= 1111 , ip-адрес:  [::1]:64774
2024/08/19 21:12:15 Количество постов: 218
2024/08/19 21:12:15 Пришел новый запрос: request_id= 1111 , ip-адрес:  [::1]:64774
2024/08/19 21:12:16 Количество постов: 218
2024/08/19 21:12:16 Пришел новый запрос: request_id= 1111 , ip-адрес:  [::1]:64774
2024/08/19 21:12:33 Добавление постов в базу
2024/08/19 21:12:33 Добавление постов в базу
2024/08/19 21:14:04 Подключение к БД
2024/08/19 21:14:04 Чтение файла с сайтами
2024/08/19 21:14:04 Запуск одной из горутин для парсинга
2024/08/19 21:14:04 Внутри функции парсинга начало
2024/08/19 21:14:04 Запуск одной из горутин для парсинга
2024/08/19 21:14:04 Внутри функции парсинга начало
2024/08/19 21:14:04 Запуск сервера
2024/08/19 21:14:13 Количество постов: 218
2024/08/19 21:14:13 Пришел новый запрос: request_id= 1111 , ip-адрес:  [::1]:57714
